Using pre-set license
Built from '2020.2/staging' branch; Version is '2020.2.7f1 (c53830e277f1) revision 12924976'; Using compiler version '192528614'; Build Type 'Release'
OS: 'Windows 10 Pro; OS build 19042.928; Version 2009; 64bit' Language: 'en' Physical Memory: 32693 MB
BatchMode: 1, IsHumanControllingUs: 0, StartBugReporterOnCrash: 0, Is64bit: 1, IsPro: 0

 COMMAND LINE ARGUMENTS:
C:\Program Files\2020.2.7f1\Editor\Unity.exe
-adb2
-batchMode
-noUpm
-name
AssetImportWorker0
-projectPath
C:/Projektit/unity/PeliDatanHallinta2
-logFile
Logs/AssetImportWorker0.log
-srvPort
64817
Successfully changed project path to: C:/Projektit/unity/PeliDatanHallinta2
C:/Projektit/unity/PeliDatanHallinta2
Using Asset Import Pipeline V2.
Refreshing native plugins compatible for Editor in 14.44 ms, found 0 plugins.
Preloading 0 native plugins for Editor in 0.00 ms.
Initialize engine version: 2020.2.7f1 (c53830e277f1)
[Subsystems] Discovering subsystems at path C:/Program Files/2020.2.7f1/Editor/Data/Resources/UnitySubsystems
[Subsystems] Discovering subsystems at path C:/Projektit/unity/PeliDatanHallinta2/Assets
GfxDevice: creating device client; threaded=0
Direct3D:
    Version:  Direct3D 11.0 [level 11.1]
    Renderer: NVIDIA GeForce RTX 3080 (ID=0x2206)
    Vendor:   
    VRAM:     10078 MB
    Driver:   27.21.14.6627
Initialize mono
Mono path[0] = 'C:/Program Files/2020.2.7f1/Editor/Data/Managed'
Mono path[1] = 'C:/Program Files/2020.2.7f1/Editor/Data/MonoBleedingEdge/lib/mono/unityjit'
Mono config path = 'C:/Program Files/2020.2.7f1/Editor/Data/MonoBleedingEdge/etc'
Using monoOptions --debugger-agent=transport=dt_socket,embedding=1,server=y,suspend=n,address=127.0.0.1:56472
Begin MonoManager ReloadAssembly
Registering precompiled unity dll's ...
Register platform support module: C:/Program Files/2020.2.7f1/Editor/Data/PlaybackEngines/WindowsStandaloneSupport/UnityEditor.WindowsStandalone.Extensions.dll
Registered in 0.001354 seconds.
Native extension for WindowsStandalone target not found
Refreshing native plugins compatible for Editor in 14.75 ms, found 0 plugins.
Preloading 0 native plugins for Editor in 0.00 ms.
Invoked RoslynAnalysisRunner static constructor.
RoslynAnalysisRunner will not be running.
RoslynAnalysisRunner has terminated.
Mono: successfully reloaded assembly
- Completed reload, in  0.929 seconds
Platform modules already initialized, skipping
Registering precompiled user dll's ...
Registered in 0.000510 seconds.
Begin MonoManager ReloadAssembly
Native extension for WindowsStandalone target not found
Refreshing native plugins compatible for Editor in 0.18 ms, found 0 plugins.
Preloading 0 native plugins for Editor in 0.00 ms.
Invoked RoslynAnalysisRunner static constructor.
RoslynAnalysisRunner will not be running.
RoslynAnalysisRunner has terminated.
Mono: successfully reloaded assembly
- Completed reload, in  0.485 seconds
Platform modules already initialized, skipping
========================================================================
Worker process is ready to serve import requests
Launched and connected shader compiler UnityShaderCompiler.exe after 0.06 seconds
Refreshing native plugins compatible for Editor in 0.21 ms, found 0 plugins.
Preloading 0 native plugins for Editor in 0.00 ms.
Unloading 1113 Unused Serialized files (Serialized files now loaded: 0)
System memory in use before: 56.9 MB.
System memory in use after: 56.9 MB.

Unloading 10 unused Assets to reduce memory usage. Loaded Objects now: 1555.
Total: 1.371900 ms (FindLiveObjects: 0.128000 ms CreateObjectMapping: 0.038000 ms MarkObjects: 1.149800 ms  DeleteObjects: 0.055400 ms)

========================================================================
Received Import Request.
  path: Assets
  artifactKey: Guid(00000000000000001000000000000000) Importer(815301076,1909f56bfc062723c751e8b465ee728b)
Start importing Assets using Guid(00000000000000001000000000000000) Importer(815301076,1909f56bfc062723c751e8b465ee728b)  -> (artifact id: 'f89434ac489deb914593f829e0a47671') in 0.006316 seconds
  Import took 0.007530 seconds .

========================================================================
Received Import Request.
  Time since last request: 0.391879 seconds.
  path: Assets
  artifactKey: Guid(00000000000000001000000000000000) Importer(815301076,1909f56bfc062723c751e8b465ee728b)
Start importing Assets using Guid(00000000000000001000000000000000) Importer(815301076,1909f56bfc062723c751e8b465ee728b)  -> (artifact id: 'f89434ac489deb914593f829e0a47671') in 0.001572 seconds
  Import took 0.003240 seconds .

========================================================================
Received Import Request.
  Time since last request: 1.652390 seconds.
  path: Assets/NewBehaviourScript.cs
  artifactKey: Guid(29442245d80adb14c9f281cea397ffc3) Importer(815301076,1909f56bfc062723c751e8b465ee728b)
Start importing Assets/NewBehaviourScript.cs using Guid(29442245d80adb14c9f281cea397ffc3) Importer(815301076,1909f56bfc062723c751e8b465ee728b)  -> (artifact id: '61d7c28473869213f28b9e3984fcec30') in 0.018963 seconds
  Import took 0.020469 seconds .

========================================================================
Received Prepare
Registering precompiled user dll's ...
Registered in 0.000337 seconds.
Begin MonoManager ReloadAssembly
Native extension for WindowsStandalone target not found
Refreshing native plugins compatible for Editor in 0.18 ms, found 0 plugins.
Preloading 0 native plugins for Editor in 0.00 ms.
Invoked RoslynAnalysisRunner static constructor.
RoslynAnalysisRunner will not be running.
RoslynAnalysisRunner has terminated.
Mono: successfully reloaded assembly
- Completed reload, in  0.465 seconds
Platform modules already initialized, skipping
Refreshing native plugins compatible for Editor in 0.17 ms, found 0 plugins.
Preloading 0 native plugins for Editor in 0.00 ms.
Unloading 1109 Unused Serialized files (Serialized files now loaded: 0)
System memory in use before: 56.8 MB.
System memory in use after: 56.9 MB.

Unloading 5 unused Assets to reduce memory usage. Loaded Objects now: 1559.
Total: 1.646500 ms (FindLiveObjects: 0.158400 ms CreateObjectMapping: 0.040000 ms MarkObjects: 1.406300 ms  DeleteObjects: 0.040200 ms)

========================================================================
Received Prepare
Registering precompiled user dll's ...
Registered in 0.000352 seconds.
Begin MonoManager ReloadAssembly
Native extension for WindowsStandalone target not found
Refreshing native plugins compatible for Editor in 0.18 ms, found 0 plugins.
Preloading 0 native plugins for Editor in 0.00 ms.
Invoked RoslynAnalysisRunner static constructor.
RoslynAnalysisRunner will not be running.
RoslynAnalysisRunner has terminated.
Mono: successfully reloaded assembly
- Completed reload, in  0.447 seconds
Platform modules already initialized, skipping
Refreshing native plugins compatible for Editor in 0.18 ms, found 0 plugins.
Preloading 0 native plugins for Editor in 0.00 ms.
Unloading 1108 Unused Serialized files (Serialized files now loaded: 0)
System memory in use before: 56.8 MB.
System memory in use after: 56.9 MB.

Unloading 6 unused Assets to reduce memory usage. Loaded Objects now: 1561.
Total: 1.239100 ms (FindLiveObjects: 0.093400 ms CreateObjectMapping: 0.025600 ms MarkObjects: 1.077600 ms  DeleteObjects: 0.041700 ms)

========================================================================
Received Import Request.
  Time since last request: 7.976169 seconds.
  path: Assets/Scripts
  artifactKey: Guid(78220cd3561ad0b4abc85159328a4cd1) Importer(815301076,1909f56bfc062723c751e8b465ee728b)
Start importing Assets/Scripts using Guid(78220cd3561ad0b4abc85159328a4cd1) Importer(815301076,1909f56bfc062723c751e8b465ee728b)  -> (artifact id: 'ffc77f277d704d641d8b71fb7402374b') in 0.005913 seconds
  Import took 0.007300 seconds .

========================================================================
Received Import Request.
  Time since last request: 10.382672 seconds.
  path: Assets/Resources
  artifactKey: Guid(787eff8fc3beb124183b3b7a96565f6e) Importer(815301076,1909f56bfc062723c751e8b465ee728b)
Start importing Assets/Resources using Guid(787eff8fc3beb124183b3b7a96565f6e) Importer(815301076,1909f56bfc062723c751e8b465ee728b)  -> (artifact id: '126e01aff3ca06848fcd9a4283ca198e') in 0.005640 seconds
  Import took 0.006959 seconds .

========================================================================
Received Import Request.
  Time since last request: 21.867383 seconds.
  path: Assets/Prefabs
  artifactKey: Guid(686692de6264f424e9b77c32cb07d873) Importer(815301076,1909f56bfc062723c751e8b465ee728b)
Start importing Assets/Prefabs using Guid(686692de6264f424e9b77c32cb07d873) Importer(815301076,1909f56bfc062723c751e8b465ee728b)  -> (artifact id: '5e62b6709e2425635a50098206dd100a') in 0.004620 seconds
  Import took 0.005924 seconds .

========================================================================
Received Import Request.
  Time since last request: 45.022180 seconds.
  path: Assets/Scripts/Scritabl
  artifactKey: Guid(ce1df32013d9ab84ca1edfd68a258e6c) Importer(815301076,1909f56bfc062723c751e8b465ee728b)
Start importing Assets/Scripts/Scritabl using Guid(ce1df32013d9ab84ca1edfd68a258e6c) Importer(815301076,1909f56bfc062723c751e8b465ee728b)  -> (artifact id: '8dcc2cb854ed5cda6f50e6362d0cbdf1') in 0.004649 seconds
  Import took 0.006155 seconds .

========================================================================
Received Import Request.
  Time since last request: 0.000246 seconds.
  path: Assets/Scripts/Scritabl
  artifactKey: Guid(ce1df32013d9ab84ca1edfd68a258e6c) Importer(815301076,1909f56bfc062723c751e8b465ee728b)
Start importing Assets/Scripts/Scritabl using Guid(ce1df32013d9ab84ca1edfd68a258e6c) Importer(815301076,1909f56bfc062723c751e8b465ee728b)  -> (artifact id: '8dcc2cb854ed5cda6f50e6362d0cbdf1') in 0.001499 seconds
  Import took 0.002387 seconds .

========================================================================
Received Import Request.
  Time since last request: 3.100949 seconds.
  path: Assets/Scripts/ScritableObjects
  artifactKey: Guid(ce1df32013d9ab84ca1edfd68a258e6c) Importer(815301076,1909f56bfc062723c751e8b465ee728b)
Start importing Assets/Scripts/ScritableObjects using Guid(ce1df32013d9ab84ca1edfd68a258e6c) Importer(815301076,1909f56bfc062723c751e8b465ee728b)  -> (artifact id: 'dc46a07b02882f4a6f937c59ab0a02f2') in 0.004507 seconds
  Import took 0.005934 seconds .

========================================================================
Received Import Request.
  Time since last request: 152.003372 seconds.
  path: Assets/Scripts/ScritableObjects/Item.cs
  artifactKey: Guid(396d763c4d738fb42a99c07a2598e955) Importer(815301076,1909f56bfc062723c751e8b465ee728b)
Start importing Assets/Scripts/ScritableObjects/Item.cs using Guid(396d763c4d738fb42a99c07a2598e955) Importer(815301076,1909f56bfc062723c751e8b465ee728b)  -> (artifact id: '09f3fa8fdad34976d33d26dc30f97d18') in 0.004539 seconds
  Import took 0.006138 seconds .

========================================================================
Received Import Request.
  Time since last request: 0.000638 seconds.
  path: Assets/Scripts/ScritableObjects/Item.cs
  artifactKey: Guid(396d763c4d738fb42a99c07a2598e955) Importer(815301076,1909f56bfc062723c751e8b465ee728b)
Start importing Assets/Scripts/ScritableObjects/Item.cs using Guid(396d763c4d738fb42a99c07a2598e955) Importer(815301076,1909f56bfc062723c751e8b465ee728b)  -> (artifact id: '09f3fa8fdad34976d33d26dc30f97d18') in 0.001335 seconds
  Import took 0.002657 seconds .

========================================================================
Received Prepare
Registering precompiled user dll's ...
Registered in 0.000448 seconds.
Begin MonoManager ReloadAssembly
Native extension for WindowsStandalone target not found
Refreshing native plugins compatible for Editor in 0.18 ms, found 0 plugins.
Preloading 0 native plugins for Editor in 0.00 ms.
Invoked RoslynAnalysisRunner static constructor.
RoslynAnalysisRunner will not be running.
RoslynAnalysisRunner has terminated.
Mono: successfully reloaded assembly
- Completed reload, in  0.454 seconds
Platform modules already initialized, skipping
Refreshing native plugins compatible for Editor in 0.17 ms, found 0 plugins.
Preloading 0 native plugins for Editor in 0.00 ms.
Unloading 1109 Unused Serialized files (Serialized files now loaded: 0)
System memory in use before: 56.9 MB.
System memory in use after: 57.0 MB.

Unloading 5 unused Assets to reduce memory usage. Loaded Objects now: 1565.
Total: 1.325100 ms (FindLiveObjects: 0.117200 ms CreateObjectMapping: 0.027900 ms MarkObjects: 1.144000 ms  DeleteObjects: 0.035300 ms)

========================================================================
Received Prepare
Registering precompiled user dll's ...
Registered in 0.000365 seconds.
Begin MonoManager ReloadAssembly
Native extension for WindowsStandalone target not found
Refreshing native plugins compatible for Editor in 0.18 ms, found 0 plugins.
Preloading 0 native plugins for Editor in 0.00 ms.
Invoked RoslynAnalysisRunner static constructor.
RoslynAnalysisRunner will not be running.
RoslynAnalysisRunner has terminated.
Mono: successfully reloaded assembly
- Completed reload, in  0.483 seconds
Platform modules already initialized, skipping
Refreshing native plugins compatible for Editor in 0.17 ms, found 0 plugins.
Preloading 0 native plugins for Editor in 0.00 ms.
Unloading 1109 Unused Serialized files (Serialized files now loaded: 0)
System memory in use before: 56.9 MB.
System memory in use after: 57.0 MB.

Unloading 5 unused Assets to reduce memory usage. Loaded Objects now: 1568.
Total: 1.287900 ms (FindLiveObjects: 0.114900 ms CreateObjectMapping: 0.027600 ms MarkObjects: 1.110300 ms  DeleteObjects: 0.034500 ms)

========================================================================
Received Import Request.
  Time since last request: 334.615686 seconds.
  path: Assets/Scripts/ScritableObjects/Item.cs
  artifactKey: Guid(396d763c4d738fb42a99c07a2598e955) Importer(815301076,1909f56bfc062723c751e8b465ee728b)
Start importing Assets/Scripts/ScritableObjects/Item.cs using Guid(396d763c4d738fb42a99c07a2598e955) Importer(815301076,1909f56bfc062723c751e8b465ee728b)  -> (artifact id: 'bb431d7b6394fe5956119f4b29f1c236') in 0.003292 seconds
  Import took 0.004616 seconds .

========================================================================
Received Import Request.
  Time since last request: 14.577134 seconds.
  path: Assets/Scripts/ScritableObjects/Weapon.cs
  artifactKey: Guid(ea16230dcce0bae41b8ac7285c47053e) Importer(815301076,1909f56bfc062723c751e8b465ee728b)
Start importing Assets/Scripts/ScritableObjects/Weapon.cs using Guid(ea16230dcce0bae41b8ac7285c47053e) Importer(815301076,1909f56bfc062723c751e8b465ee728b)  -> (artifact id: '473e2c549576f7793abbf10fa89890a8') in 0.004621 seconds
  Import took 0.006124 seconds .

========================================================================
Received Prepare
Registering precompiled user dll's ...
Registered in 0.000386 seconds.
Begin MonoManager ReloadAssembly
Native extension for WindowsStandalone target not found
Refreshing native plugins compatible for Editor in 0.19 ms, found 0 plugins.
Preloading 0 native plugins for Editor in 0.00 ms.
Invoked RoslynAnalysisRunner static constructor.
RoslynAnalysisRunner will not be running.
RoslynAnalysisRunner has terminated.
Mono: successfully reloaded assembly
- Completed reload, in  0.464 seconds
Platform modules already initialized, skipping
Refreshing native plugins compatible for Editor in 0.18 ms, found 0 plugins.
Preloading 0 native plugins for Editor in 0.00 ms.
Unloading 1110 Unused Serialized files (Serialized files now loaded: 0)
System memory in use before: 56.9 MB.
System memory in use after: 57.0 MB.

Unloading 5 unused Assets to reduce memory usage. Loaded Objects now: 1572.
Total: 1.432900 ms (FindLiveObjects: 0.142300 ms CreateObjectMapping: 0.021800 ms MarkObjects: 1.235600 ms  DeleteObjects: 0.032700 ms)

========================================================================
Received Prepare
Registering precompiled user dll's ...
Registered in 0.000428 seconds.
Begin MonoManager ReloadAssembly
Native extension for WindowsStandalone target not found
Refreshing native plugins compatible for Editor in 0.18 ms, found 0 plugins.
Preloading 0 native plugins for Editor in 0.00 ms.
Invoked RoslynAnalysisRunner static constructor.
RoslynAnalysisRunner will not be running.
RoslynAnalysisRunner has terminated.
Mono: successfully reloaded assembly
- Completed reload, in  0.458 seconds
Platform modules already initialized, skipping
Refreshing native plugins compatible for Editor in 0.17 ms, found 0 plugins.
Preloading 0 native plugins for Editor in 0.00 ms.
Unloading 1110 Unused Serialized files (Serialized files now loaded: 0)
System memory in use before: 56.9 MB.
System memory in use after: 57.0 MB.

Unloading 5 unused Assets to reduce memory usage. Loaded Objects now: 1575.
Total: 1.291400 ms (FindLiveObjects: 0.100900 ms CreateObjectMapping: 0.028500 ms MarkObjects: 1.128000 ms  DeleteObjects: 0.033400 ms)

========================================================================
Received Import Request.
  Time since last request: 460.549175 seconds.
  path: Assets/Scripts/ScritableObjects/Weapon.cs
  artifactKey: Guid(ea16230dcce0bae41b8ac7285c47053e) Importer(815301076,1909f56bfc062723c751e8b465ee728b)
Start importing Assets/Scripts/ScritableObjects/Weapon.cs using Guid(ea16230dcce0bae41b8ac7285c47053e) Importer(815301076,1909f56bfc062723c751e8b465ee728b)  -> (artifact id: '94f018d32df9d30fec1e7bfbc6c9cefd') in 0.002759 seconds
  Import took 0.003887 seconds .

========================================================================
Received Import Request.
  Time since last request: 27.764264 seconds.
  path: Assets/Resources/Items
  artifactKey: Guid(b4dc5adc410ee4e4f8ab13a474643001) Importer(815301076,1909f56bfc062723c751e8b465ee728b)
Start importing Assets/Resources/Items using Guid(b4dc5adc410ee4e4f8ab13a474643001) Importer(815301076,1909f56bfc062723c751e8b465ee728b)  -> (artifact id: '67882a0346a9c8a7907eb107de83ef1b') in 0.004925 seconds
  Import took 0.006269 seconds .

========================================================================
Received Import Request.
  Time since last request: 9.767924 seconds.
  path: Assets/Resources/Items/Weapons
  artifactKey: Guid(11a4cfbd126a9ef409523385d33b7e90) Importer(815301076,1909f56bfc062723c751e8b465ee728b)
Start importing Assets/Resources/Items/Weapons using Guid(11a4cfbd126a9ef409523385d33b7e90) Importer(815301076,1909f56bfc062723c751e8b465ee728b)  -> (artifact id: '3485f4faf044c6436a1a0f9c795f2996') in 0.005877 seconds
  Import took 0.007293 seconds .

========================================================================
Received Import Request.
  Time since last request: 0.000320 seconds.
  path: Assets/Resources/Items/Weapons
  artifactKey: Guid(11a4cfbd126a9ef409523385d33b7e90) Importer(815301076,1909f56bfc062723c751e8b465ee728b)
Start importing Assets/Resources/Items/Weapons using Guid(11a4cfbd126a9ef409523385d33b7e90) Importer(815301076,1909f56bfc062723c751e8b465ee728b)  -> (artifact id: '3485f4faf044c6436a1a0f9c795f2996') in 0.001599 seconds
  Import took 0.002434 seconds .

========================================================================
Received Import Request.
  Time since last request: 55.540206 seconds.
  path: Assets/Resources/Items/Weapons/Longsword.asset
  artifactKey: Guid(04ac8ad1d47543a4e90d2fef7580eed8) Importer(815301076,1909f56bfc062723c751e8b465ee728b)
Start importing Assets/Resources/Items/Weapons/Longsword.asset using Guid(04ac8ad1d47543a4e90d2fef7580eed8) Importer(815301076,1909f56bfc062723c751e8b465ee728b)  -> (artifact id: '2d2b39edd3253f916d64b6bccc8c7a51') in 0.011677 seconds
  Import took 0.013260 seconds .

========================================================================
Received Import Request.
  Time since last request: 61.268847 seconds.
  path: Assets/Resources/Items/Weapons/Longsword.asset
  artifactKey: Guid(04ac8ad1d47543a4e90d2fef7580eed8) Importer(815301076,1909f56bfc062723c751e8b465ee728b)
Start importing Assets/Resources/Items/Weapons/Longsword.asset using Guid(04ac8ad1d47543a4e90d2fef7580eed8) Importer(815301076,1909f56bfc062723c751e8b465ee728b)  -> (artifact id: 'c4298c5428f3962c6eefc0d735781700') in 0.001848 seconds
  Import took 0.003401 seconds .

========================================================================
Received Prepare
Registering precompiled user dll's ...
Registered in 0.000358 seconds.
Begin MonoManager ReloadAssembly
Native extension for WindowsStandalone target not found
Refreshing native plugins compatible for Editor in 0.18 ms, found 0 plugins.
Preloading 0 native plugins for Editor in 0.00 ms.
Invoked RoslynAnalysisRunner static constructor.
RoslynAnalysisRunner will not be running.
RoslynAnalysisRunner has terminated.
Mono: successfully reloaded assembly
- Completed reload, in  0.459 seconds
Platform modules already initialized, skipping
Refreshing native plugins compatible for Editor in 0.17 ms, found 0 plugins.
Preloading 0 native plugins for Editor in 0.00 ms.
Unloading 1110 Unused Serialized files (Serialized files now loaded: 0)
System memory in use before: 56.9 MB.
System memory in use after: 57.0 MB.

Unloading 5 unused Assets to reduce memory usage. Loaded Objects now: 1578.
Total: 1.305200 ms (FindLiveObjects: 0.111800 ms CreateObjectMapping: 0.031200 ms MarkObjects: 1.128400 ms  DeleteObjects: 0.033200 ms)

========================================================================
Received Import Request.
  Time since last request: 197.230741 seconds.
  path: Assets/Resources/Items/Weapons/Greathammer.asset
  artifactKey: Guid(d3d05d2b6cab0664193921527b7dedc3) Importer(815301076,1909f56bfc062723c751e8b465ee728b)
Start importing Assets/Resources/Items/Weapons/Greathammer.asset using Guid(d3d05d2b6cab0664193921527b7dedc3) Importer(815301076,1909f56bfc062723c751e8b465ee728b)  -> (artifact id: 'e5e540fbace90cb1cfa524dcacfb0e13') in 0.011067 seconds
  Import took 0.012578 seconds .

========================================================================
Received Import Request.
  Time since last request: 19.407108 seconds.
  path: Assets/Resources/Items/Weapons/Greathammer.asset
  artifactKey: Guid(d3d05d2b6cab0664193921527b7dedc3) Importer(815301076,1909f56bfc062723c751e8b465ee728b)
Start importing Assets/Resources/Items/Weapons/Greathammer.asset using Guid(d3d05d2b6cab0664193921527b7dedc3) Importer(815301076,1909f56bfc062723c751e8b465ee728b)  -> (artifact id: 'bffc32aba84ee8430b3485406d82221b') in 0.003126 seconds
  Import took 0.004631 seconds .

========================================================================
Received Import Request.
  Time since last request: 141.997256 seconds.
  path: Assets/Scripts/Shopkeeper.cs
  artifactKey: Guid(2aa8f5c96ef2b8e4c905c1c9ed53002c) Importer(815301076,1909f56bfc062723c751e8b465ee728b)
Start importing Assets/Scripts/Shopkeeper.cs using Guid(2aa8f5c96ef2b8e4c905c1c9ed53002c) Importer(815301076,1909f56bfc062723c751e8b465ee728b)  -> (artifact id: 'ecc903251f3eb9b62ee8247c643078a2') in 0.004981 seconds
  Import took 0.006476 seconds .

========================================================================
Received Prepare
Registering precompiled user dll's ...
Registered in 0.000392 seconds.
Begin MonoManager ReloadAssembly
Native extension for WindowsStandalone target not found
Refreshing native plugins compatible for Editor in 0.18 ms, found 0 plugins.
Preloading 0 native plugins for Editor in 0.00 ms.
Invoked RoslynAnalysisRunner static constructor.
RoslynAnalysisRunner will not be running.
RoslynAnalysisRunner has terminated.
Mono: successfully reloaded assembly
- Completed reload, in  0.477 seconds
Platform modules already initialized, skipping
Refreshing native plugins compatible for Editor in 0.18 ms, found 0 plugins.
Preloading 0 native plugins for Editor in 0.00 ms.
Unloading 1111 Unused Serialized files (Serialized files now loaded: 0)
System memory in use before: 57.0 MB.
System memory in use after: 57.0 MB.

Unloading 5 unused Assets to reduce memory usage. Loaded Objects now: 1582.
Total: 1.456700 ms (FindLiveObjects: 0.159200 ms CreateObjectMapping: 0.025900 ms MarkObjects: 1.235700 ms  DeleteObjects: 0.035200 ms)

========================================================================
Received Prepare
Registering precompiled user dll's ...
Registered in 0.000397 seconds.
Begin MonoManager ReloadAssembly
Native extension for WindowsStandalone target not found
Refreshing native plugins compatible for Editor in 0.18 ms, found 0 plugins.
Preloading 0 native plugins for Editor in 0.00 ms.
Invoked RoslynAnalysisRunner static constructor.
RoslynAnalysisRunner will not be running.
RoslynAnalysisRunner has terminated.
Mono: successfully reloaded assembly
- Completed reload, in  0.465 seconds
Platform modules already initialized, skipping
Refreshing native plugins compatible for Editor in 0.17 ms, found 0 plugins.
Preloading 0 native plugins for Editor in 0.00 ms.
Unloading 1111 Unused Serialized files (Serialized files now loaded: 0)
System memory in use before: 57.0 MB.
System memory in use after: 57.0 MB.

Unloading 5 unused Assets to reduce memory usage. Loaded Objects now: 1585.
Total: 1.182600 ms (FindLiveObjects: 0.110400 ms CreateObjectMapping: 0.021100 ms MarkObjects: 1.013000 ms  DeleteObjects: 0.037200 ms)

========================================================================
Received Prepare
Registering precompiled user dll's ...
Registered in 0.000436 seconds.
Begin MonoManager ReloadAssembly
Native extension for WindowsStandalone target not found
Refreshing native plugins compatible for Editor in 0.19 ms, found 0 plugins.
Preloading 0 native plugins for Editor in 0.00 ms.
Invoked RoslynAnalysisRunner static constructor.
RoslynAnalysisRunner will not be running.
RoslynAnalysisRunner has terminated.
Mono: successfully reloaded assembly
- Completed reload, in  0.463 seconds
Platform modules already initialized, skipping
Refreshing native plugins compatible for Editor in 0.17 ms, found 0 plugins.
Preloading 0 native plugins for Editor in 0.00 ms.
Unloading 1111 Unused Serialized files (Serialized files now loaded: 0)
System memory in use before: 57.0 MB.
System memory in use after: 57.1 MB.

Unloading 5 unused Assets to reduce memory usage. Loaded Objects now: 1588.
Total: 1.324200 ms (FindLiveObjects: 0.094400 ms CreateObjectMapping: 0.027200 ms MarkObjects: 1.170300 ms  DeleteObjects: 0.031800 ms)

========================================================================
Received Prepare
Registering precompiled user dll's ...
Registered in 0.000666 seconds.
Begin MonoManager ReloadAssembly
Native extension for WindowsStandalone target not found
Refreshing native plugins compatible for Editor in 0.18 ms, found 0 plugins.
Preloading 0 native plugins for Editor in 0.00 ms.
Invoked RoslynAnalysisRunner static constructor.
RoslynAnalysisRunner will not be running.
RoslynAnalysisRunner has terminated.
Mono: successfully reloaded assembly
- Completed reload, in  0.465 seconds
Platform modules already initialized, skipping
Refreshing native plugins compatible for Editor in 0.18 ms, found 0 plugins.
Preloading 0 native plugins for Editor in 0.00 ms.
Unloading 1111 Unused Serialized files (Serialized files now loaded: 0)
System memory in use before: 57.0 MB.
System memory in use after: 57.1 MB.

Unloading 5 unused Assets to reduce memory usage. Loaded Objects now: 1591.
Total: 1.472900 ms (FindLiveObjects: 0.106000 ms CreateObjectMapping: 0.028800 ms MarkObjects: 1.290700 ms  DeleteObjects: 0.046600 ms)

========================================================================
Received Prepare
Registering precompiled user dll's ...
Registered in 0.000376 seconds.
Begin MonoManager ReloadAssembly
Native extension for WindowsStandalone target not found
Refreshing native plugins compatible for Editor in 0.18 ms, found 0 plugins.
Preloading 0 native plugins for Editor in 0.00 ms.
Invoked RoslynAnalysisRunner static constructor.
RoslynAnalysisRunner will not be running.
RoslynAnalysisRunner has terminated.
Mono: successfully reloaded assembly
- Completed reload, in  0.471 seconds
Platform modules already initialized, skipping
Refreshing native plugins compatible for Editor in 0.17 ms, found 0 plugins.
Preloading 0 native plugins for Editor in 0.00 ms.
Unloading 1111 Unused Serialized files (Serialized files now loaded: 0)
System memory in use before: 57.0 MB.
System memory in use after: 57.1 MB.

Unloading 5 unused Assets to reduce memory usage. Loaded Objects now: 1594.
Total: 1.202500 ms (FindLiveObjects: 0.106900 ms CreateObjectMapping: 0.026100 ms MarkObjects: 1.037200 ms  DeleteObjects: 0.031700 ms)

========================================================================
Received Import Request.
  Time since last request: 843.754580 seconds.
  path: Assets/Scripts/StaticClasses
  artifactKey: Guid(ba7d20c2bd0b0a9458a65fe7b9a51c1a) Importer(815301076,1909f56bfc062723c751e8b465ee728b)
Start importing Assets/Scripts/StaticClasses using Guid(ba7d20c2bd0b0a9458a65fe7b9a51c1a) Importer(815301076,1909f56bfc062723c751e8b465ee728b)  -> (artifact id: '771d0934fcd0324e129f402e86302879') in 0.007496 seconds
  Import took 0.009103 seconds .

========================================================================
Received Import Request.
  Time since last request: 33.035653 seconds.
  path: Assets/Scripts/StaticClasses/InventoryHelper.cs
  artifactKey: Guid(ee10603bc274aa943987182730ce725f) Importer(815301076,1909f56bfc062723c751e8b465ee728b)
Start importing Assets/Scripts/StaticClasses/InventoryHelper.cs using Guid(ee10603bc274aa943987182730ce725f) Importer(815301076,1909f56bfc062723c751e8b465ee728b)  -> (artifact id: '9202f024086e74162192e8468d17ca39') in 0.004578 seconds
  Import took 0.006141 seconds .

========================================================================
Received Prepare
Registering precompiled user dll's ...
Registered in 0.000399 seconds.
Begin MonoManager ReloadAssembly
Native extension for WindowsStandalone target not found
Refreshing native plugins compatible for Editor in 0.18 ms, found 0 plugins.
Preloading 0 native plugins for Editor in 0.00 ms.
Invoked RoslynAnalysisRunner static constructor.
RoslynAnalysisRunner will not be running.
RoslynAnalysisRunner has terminated.
Mono: successfully reloaded assembly
- Completed reload, in  0.481 seconds
Platform modules already initialized, skipping
Refreshing native plugins compatible for Editor in 0.19 ms, found 0 plugins.
Preloading 0 native plugins for Editor in 0.00 ms.
Unloading 1112 Unused Serialized files (Serialized files now loaded: 0)
System memory in use before: 57.0 MB.
System memory in use after: 57.1 MB.

Unloading 5 unused Assets to reduce memory usage. Loaded Objects now: 1598.
Total: 1.575900 ms (FindLiveObjects: 0.122700 ms CreateObjectMapping: 0.033600 ms MarkObjects: 1.382400 ms  DeleteObjects: 0.036500 ms)

========================================================================
Received Prepare
Registering precompiled user dll's ...
Registered in 0.000392 seconds.
Begin MonoManager ReloadAssembly
Native extension for WindowsStandalone target not found
Refreshing native plugins compatible for Editor in 0.18 ms, found 0 plugins.
Preloading 0 native plugins for Editor in 0.00 ms.
Invoked RoslynAnalysisRunner static constructor.
RoslynAnalysisRunner will not be running.
RoslynAnalysisRunner has terminated.
Mono: successfully reloaded assembly
- Completed reload, in  0.470 seconds
Platform modules already initialized, skipping
Refreshing native plugins compatible for Editor in 0.17 ms, found 0 plugins.
Preloading 0 native plugins for Editor in 0.00 ms.
Unloading 1112 Unused Serialized files (Serialized files now loaded: 0)
System memory in use before: 57.0 MB.
System memory in use after: 57.1 MB.

Unloading 5 unused Assets to reduce memory usage. Loaded Objects now: 1601.
Total: 1.236100 ms (FindLiveObjects: 0.092900 ms CreateObjectMapping: 0.023900 ms MarkObjects: 1.083800 ms  DeleteObjects: 0.035000 ms)

========================================================================
Received Import Request.
  Time since last request: 146.545379 seconds.
  path: Assets/Scripts/StaticClasses/InventoryHelper.cs
  artifactKey: Guid(ee10603bc274aa943987182730ce725f) Importer(815301076,1909f56bfc062723c751e8b465ee728b)
Start importing Assets/Scripts/StaticClasses/InventoryHelper.cs using Guid(ee10603bc274aa943987182730ce725f) Importer(815301076,1909f56bfc062723c751e8b465ee728b)  -> (artifact id: '88158686334ccd2c0b727b2cc579369a') in 0.005984 seconds
  Import took 0.007436 seconds .

